<?xml version="1.0" encoding="UTF-8"?>
<testsuite xmlns:xsi="http://www.w3.org/2001/XMLSchema-instance" xsi:noNamespaceSchemaLocation="https://maven.apache.org/surefire/maven-surefire-plugin/xsd/surefire-test-report-3.0.xsd" version="3.0" name="edu.metrostate.ics372.ganby.dealer.DealerCatalogTest" time="0.009" tests="9" errors="0" skipped="0" failures="0">
  <properties>
[...]
</properties>
  <testcase name="addVehicle" classname="edu.metrostate.ics372.ganby.dealer.DealerCatalogTest" time="0.004"/>
  <testcase name="getVehiclesByType" classname="edu.metrostate.ics372.ganby.dealer.DealerCatalogTest" time="0.0"/>
  <testcase name="getInstance" classname="edu.metrostate.ics372.ganby.dealer.DealerCatalogTest" time="0.001"/>
  <testcase name="enableDisableDealerAcquisition" classname="edu.metrostate.ics372.ganby.dealer.DealerCatalogTest" time="0.0"/>
  <testcase name="amountOfAllDealers" classname="edu.metrostate.ics372.ganby.dealer.DealerCatalogTest" time="0.0"/>
  <testcase name="modifyVehiclePrice" classname="edu.metrostate.ics372.ganby.dealer.DealerCatalogTest" time="0.0"/>
  <testcase name="amountOfAllVehicles" classname="edu.metrostate.ics372.ganby.dealer.DealerCatalogTest" time="0.001"/>
  <testcase name="getAllVehicles" classname="edu.metrostate.ics372.ganby.dealer.DealerCatalogTest" time="0.0"/>
  <testcase name="getDealerWithId" classname="edu.metrostate.ics372.ganby.dealer.DealerCatalogTest" time="0.0"/>
</testsuite>