<?xml version="1.0" encoding="UTF-8"?>
<testsuite xmlns:xsi="http://www.w3.org/2001/XMLSchema-instance" xsi:noNamespaceSchemaLocation="https://maven.apache.org/surefire/maven-surefire-plugin/xsd/surefire-test-report-3.0.xsd" version="3.0" name="edu.metrostate.ics372.ganby.vehicle.VehicleTest" time="0.042" tests="13" errors="0" skipped="0" failures="0">
  <properties>
[...]
</properties>
  <testcase name="testSetSelected" classname="edu.metrostate.ics372.ganby.vehicle.VehicleTest" time="0.023"/>
  <testcase name="testToString" classname="edu.metrostate.ics372.ganby.vehicle.VehicleTest" time="0.001"/>
  <testcase name="testSetAcquisitionDateValid" classname="edu.metrostate.ics372.ganby.vehicle.VehicleTest" time="0.001"/>
  <testcase name="testStandardGetters" classname="edu.metrostate.ics372.ganby.vehicle.VehicleTest" time="0.0"/>
  <testcase name="testSetRentedOut" classname="edu.metrostate.ics372.ganby.vehicle.VehicleTest" time="0.0"/>
  <testcase name="testSetPriceNegativeThrows" classname="edu.metrostate.ics372.ganby.vehicle.VehicleTest" time="0.001"/>
  <testcase name="testSetPriceValid" classname="edu.metrostate.ics372.ganby.vehicle.VehicleTest" time="0.001"/>
  <testcase name="testJavaFXProperties" classname="edu.metrostate.ics372.ganby.vehicle.VehicleTest" time="0.001"/>
  <testcase name="testEqualsAndHashCode" classname="edu.metrostate.ics372.ganby.vehicle.VehicleTest" time="0.001"/>
  <testcase name="testSetDealerValid" classname="edu.metrostate.ics372.ganby.vehicle.VehicleTest" time="0.001"/>
  <testcase name="testSetDealer_NullThrowsNPE" classname="edu.metrostate.ics372.ganby.vehicle.VehicleTest" time="0.001"/>
  <testcase name="testSetDealerId" classname="edu.metrostate.ics372.ganby.vehicle.VehicleTest" time="0.0"/>
  <testcase name="testSetAcquisitionDate_NullThrowsNPE" classname="edu.metrostate.ics372.ganby.vehicle.VehicleTest" time="0.0"/>
</testsuite>