<?xml version="1.0" encoding="UTF-8"?>
<testsuite xmlns:xsi="http://www.w3.org/2001/XMLSchema-instance" xsi:noNamespaceSchemaLocation="https://maven.apache.org/surefire/maven-surefire-plugin/xsd/surefire-test-report-3.0.xsd" version="3.0" name="edu.metrostate.ics372.ganby.vehicle.SportsCarTest" time="0.047" tests="4" errors="0" skipped="0" failures="0">
  <properties>
[...]
</properties>
  <testcase name="testToString" classname="edu.metrostate.ics372.ganby.vehicle.SportsCarTest" time="0.015"/>
  <testcase name="setRentedOut" classname="edu.metrostate.ics372.ganby.vehicle.SportsCarTest" time="0.005"/>
  <testcase name="getType" classname="edu.metrostate.ics372.ganby.vehicle.SportsCarTest" time="0.006"/>
  <testcase name="testEquals" classname="edu.metrostate.ics372.ganby.vehicle.SportsCarTest" time="0.006"/>
</testsuite>